[22-Aug-2018 15:41:47] PHP Parse error:  syntax error, unexpected T_AS, expecting ';' in /home1/tltsecure/apache2/htdocs/vqTest/vqLib/api/Editor/upload.php on line 26
[22-Aug-2018 15:41:52] PHP Parse error:  syntax error, unexpected T_AS, expecting ';' in /home1/tltsecure/apache2/htdocs/vqTest/vqLib/api/Editor/upload.php on line 26
[22-Aug-2018 15:41:58] PHP Parse error:  syntax error, unexpected T_AS, expecting ';' in /home1/tltsecure/apache2/htdocs/vqTest/vqLib/api/Editor/upload.php on line 26
[22-Aug-2018 15:42:01] PHP Parse error:  syntax error, unexpected T_AS, expecting ';' in /home1/tltsecure/apache2/htdocs/vqTest/vqLib/api/Editor/upload.php on line 26
[22-Aug-2018 15:42:04] PHP Parse error:  syntax error, unexpected T_AS, expecting ';' in /home1/tltsecure/apache2/htdocs/vqTest/vqLib/api/Editor/upload.php on line 26
[22-Aug-2018 15:42:27] PHP Parse error:  syntax error, unexpected T_AS, expecting ';' in /home1/tltsecure/apache2/htdocs/vqTest/vqLib/api/Editor/upload.php on line 26
[22-Aug-2018 15:42:33] PHP Parse error:  syntax error, unexpected T_AS, expecting ';' in /home1/tltsecure/apache2/htdocs/vqTest/vqLib/api/Editor/upload.php on line 26
[22-Aug-2018 15:42:39] PHP Parse error:  syntax error, unexpected T_AS, expecting ';' in /home1/tltsecure/apache2/htdocs/vqTest/vqLib/api/Editor/upload.php on line 26
[22-Aug-2018 15:42:48] PHP Parse error:  syntax error, unexpected T_AS, expecting ';' in /home1/tltsecure/apache2/htdocs/vqTest/vqLib/api/Editor/upload.php on line 26
[22-Aug-2018 15:42:48] PHP Parse error:  syntax error, unexpected T_AS, expecting ';' in /home1/tltsecure/apache2/htdocs/vqTest/vqLib/api/Editor/upload.php on line 26
[22-Aug-2018 15:42:48] PHP Parse error:  syntax error, unexpected T_AS, expecting ';' in /home1/tltsecure/apache2/htdocs/vqTest/vqLib/api/Editor/upload.php on line 26
[22-Aug-2018 15:43:48] PHP Parse error:  syntax error, unexpected T_AS, expecting ';' in /home1/tltsecure/apache2/htdocs/vqTest/vqLib/api/Editor/upload.php on line 26
[22-Aug-2018 15:43:54] PHP Parse error:  syntax error, unexpected T_AS, expecting ';' in /home1/tltsecure/apache2/htdocs/vqTest/vqLib/api/Editor/upload.php on line 26
[22-Aug-2018 15:43:54] PHP Parse error:  syntax error, unexpected T_AS, expecting ';' in /home1/tltsecure/apache2/htdocs/vqTest/vqLib/api/Editor/upload.php on line 26
[22-Aug-2018 15:43:54] PHP Parse error:  syntax error, unexpected T_AS, expecting ';' in /home1/tltsecure/apache2/htdocs/vqTest/vqLib/api/Editor/upload.php on line 26
[22-Aug-2018 15:45:14] PHP Parse error:  syntax error, unexpected T_AS, expecting ';' in /home1/tltsecure/apache2/htdocs/vqTest/vqLib/api/Editor/upload.php on line 26
[22-Aug-2018 15:45:26] PHP Parse error:  syntax error, unexpected T_AS, expecting ';' in /home1/tltsecure/apache2/htdocs/vqTest/vqLib/api/Editor/upload.php on line 26
[22-Aug-2018 15:45:26] PHP Parse error:  syntax error, unexpected T_AS, expecting ';' in /home1/tltsecure/apache2/htdocs/vqTest/vqLib/api/Editor/upload.php on line 26
[22-Aug-2018 15:45:26] PHP Parse error:  syntax error, unexpected T_AS, expecting ';' in /home1/tltsecure/apache2/htdocs/vqTest/vqLib/api/Editor/upload.php on line 26
[22-Aug-2018 17:14:12] PHP Parse error:  syntax error, unexpected $end in /home1/tltsecure/apache2/htdocs/vqTest/vqLib/api/Editor/login.php on line 119
[22-Aug-2018 17:14:36] PHP Parse error:  syntax error, unexpected $end in /home1/tltsecure/apache2/htdocs/vqTest/vqLib/api/Editor/login.php on line 119
[22-Aug-2018 17:14:38] PHP Parse error:  syntax error, unexpected $end in /home1/tltsecure/apache2/htdocs/vqTest/vqLib/api/Editor/login.php on line 119
[23-Aug-2018 18:01:27] PHP Fatal error:  Call to undefined function cwd() in /home1/tltsecure/apache2/htdocs/vqTest/vqLib/api/Editor/saveQuiz.php on line 13
[23-Aug-2018 18:06:53] PHP Parse error:  syntax error, unexpected ',' in /home1/tltsecure/apache2/htdocs/vqTest/vqLib/api/Editor/saveQuiz.php on line 12
[23-Aug-2018 18:07:04] PHP Parse error:  syntax error, unexpected ',' in /home1/tltsecure/apache2/htdocs/vqTest/vqLib/api/Editor/saveQuiz.php on line 12
[23-Aug-2018 18:07:09] PHP Parse error:  syntax error, unexpected ',' in /home1/tltsecure/apache2/htdocs/vqTest/vqLib/api/Editor/saveQuiz.php on line 12
[23-Aug-2018 18:15:23] PHP Parse error:  syntax error, unexpected ')' in /home1/tltsecure/apache2/htdocs/vqTest/vqLib/api/Editor/saveQuiz.php on line 12
[23-Aug-2018 18:15:28] PHP Parse error:  syntax error, unexpected ')' in /home1/tltsecure/apache2/htdocs/vqTest/vqLib/api/Editor/saveQuiz.php on line 12
[23-Aug-2018 18:15:28] PHP Parse error:  syntax error, unexpected ')' in /home1/tltsecure/apache2/htdocs/vqTest/vqLib/api/Editor/saveQuiz.php on line 12
[23-Aug-2018 18:15:28] PHP Parse error:  syntax error, unexpected ')' in /home1/tltsecure/apache2/htdocs/vqTest/vqLib/api/Editor/saveQuiz.php on line 12
[23-Aug-2018 18:15:53] PHP Parse error:  syntax error, unexpected T_OBJECT_OPERATOR in /home1/tltsecure/apache2/htdocs/vqTest/vqLib/api/Editor/saveQuiz.php on line 13
[23-Aug-2018 18:15:58] PHP Parse error:  syntax error, unexpected T_OBJECT_OPERATOR in /home1/tltsecure/apache2/htdocs/vqTest/vqLib/api/Editor/saveQuiz.php on line 13
[23-Aug-2018 18:15:58] PHP Parse error:  syntax error, unexpected T_OBJECT_OPERATOR in /home1/tltsecure/apache2/htdocs/vqTest/vqLib/api/Editor/saveQuiz.php on line 13
[23-Aug-2018 18:15:58] PHP Parse error:  syntax error, unexpected T_OBJECT_OPERATOR in /home1/tltsecure/apache2/htdocs/vqTest/vqLib/api/Editor/saveQuiz.php on line 13
